# JRE version: OpenJDK Runtime Environment (24.0.1+9) (build 24.0.1+9-30)
# Java VM: OpenJDK 64-Bit Server VM (24.0.1+9-30, mixed mode, sharing, tiered, compressed oops, compressed class ptrs, g1 gc, windows-amd64)
GC Precious Log:
 CardTable entry size: 512
 Card Set container configuration: InlinePtr #cards 5 size 8 Array Of Cards #cards 10 size 36 Howl #buckets 4 coarsen threshold 1843 Howl Bitmap #cards 512 size 80 coarsen threshold 460 Card regions per heap region 1 cards per card region 2048
 CPUs: 12 total, 12 available
 Memory: 7906M
 Large Page Support: Disabled
 NUMA Support: Disabled
 Compressed Oops: Enabled (32-bit)
 Heap Region Size: 1M
 Heap Min Capacity: 8M
 Heap Initial Capacity: 124M
 Heap Max Capacity: 1978M
 Pre-touch: Disabled
 Parallel Workers: 10
 Concurrent Workers: 3
 Concurrent Refinement Workers: 10
 Periodic GC: Disabled
Heap:
 garbage-first heap   total reserved 2025472K, committed 67584K, used 41657K [0x0000000084600000, 0x0000000100000000)
  region size 1024K, 19 young (19456K), 3 survivors (3072K)
 Metaspace       used 61409K, committed 61952K, reserved 1114112K
  class space    used 6538K, committed 6784K, reserved 1048576K
GC Heap History (16 events):
Event: 1.037 GC heap before
{Heap before GC invocations=0 (full 0):
 garbage-first heap   total reserved 2025472K, committed 129024K, used 50288K [0x0000000084600000, 0x0000000100000000)
  region size 1024K, 47 young (48128K), 0 survivors (0K)
 Metaspace       used 12586K, committed 12800K, reserved 1114112K
  class space    used 1239K, committed 1344K, reserved 1048576K
}
Event: 1.042 GC heap after
{Heap after GC invocations=1 (full 0):
 garbage-first heap   total reserved 2025472K, committed 129024K, used 10776K [0x0000000084600000, 0x0000000100000000)
  region size 1024K, 6 young (6144K), 6 survivors (6144K)
 Metaspace       used 12586K, committed 12800K, reserved 1114112K
  class space    used 1239K, committed 1344K, reserved 1048576K
}
Event: 1.636 GC heap before
{Heap before GC invocations=1 (full 0):
 garbage-first heap   total reserved 2025472K, committed 129024K, used 53784K [0x0000000084600000, 0x0000000100000000)
  region size 1024K, 50 young (51200K), 6 survivors (6144K)
 Metaspace       used 21253K, committed 21504K, reserved 1114112K
  class space    used 2070K, committed 2176K, reserved 1048576K
}
Event: 1.643 GC heap after
{Heap after GC invocations=2 (full 0):
 garbage-first heap   total reserved 2025472K, committed 129024K, used 15361K [0x0000000084600000, 0x0000000100000000)
  region size 1024K, 5 young (5120K), 5 survivors (5120K)
 Metaspace       used 21253K, committed 21504K, reserved 1114112K
  class space    used 2070K, committed 2176K, reserved 1048576K
}
Event: 2.349 GC heap before
{Heap before GC invocations=3 (full 0):
 garbage-first heap   total reserved 2025472K, committed 58368K, used 56321K [0x0000000084600000, 0x0000000100000000)
  region size 1024K, 45 young (46080K), 5 survivors (5120K)
 Metaspace       used 27717K, committed 28032K, reserved 1114112K
  class space    used 2865K, committed 3008K, reserved 1048576K
}
Event: 2.355 GC heap after
{Heap after GC invocations=4 (full 0):
 garbage-first heap   total reserved 2025472K, committed 67584K, used 18927K [0x0000000084600000, 0x0000000100000000)
  region size 1024K, 4 young (4096K), 4 survivors (4096K)
 Metaspace       used 27717K, committed 28032K, reserved 1114112K
  class space    used 2865K, committed 3008K, reserved 1048576K
}
Event: 2.822 GC heap before
{Heap before GC invocations=4 (full 0):
 garbage-first heap   total reserved 2025472K, committed 67584K, used 47599K [0x0000000084600000, 0x0000000100000000)
  region size 1024K, 32 young (32768K), 4 survivors (4096K)
 Metaspace       used 33316K, committed 33728K, reserved 1114112K
  class space    used 3435K, committed 3584K, reserved 1048576K
}
Event: 2.826 GC heap after
{Heap after GC invocations=5 (full 0):
 garbage-first heap   total reserved 2025472K, committed 67584K, used 21032K [0x0000000084600000, 0x0000000100000000)
  region size 1024K, 3 young (3072K), 3 survivors (3072K)
 Metaspace       used 33316K, committed 33728K, reserved 1114112K
  class space    used 3435K, committed 3584K, reserved 1048576K
}
Event: 2.979 GC heap before
{Heap before GC invocations=5 (full 0):
 garbage-first heap   total reserved 2025472K, committed 67584K, used 30248K [0x0000000084600000, 0x0000000100000000)
  region size 1024K, 13 young (13312K), 3 survivors (3072K)
 Metaspace       used 35676K, committed 36096K, reserved 1114112K
  class space    used 3710K, committed 3840K, reserved 1048576K
}
Event: 2.981 GC heap after
{Heap after GC invocations=6 (full 0):
 garbage-first heap   total reserved 2025472K, committed 67584K, used 21159K [0x0000000084600000, 0x0000000100000000)
  region size 1024K, 3 young (3072K), 3 survivors (3072K)
 Metaspace       used 35676K, committed 36096K, reserved 1114112K
  class space    used 3710K, committed 3840K, reserved 1048576K
}
Event: 3.557 GC heap before
{Heap before GC invocations=7 (full 0):
 garbage-first heap   total reserved 2025472K, committed 67584K, used 50855K [0x0000000084600000, 0x0000000100000000)
  region size 1024K, 33 young (33792K), 3 survivors (3072K)
 Metaspace       used 45513K, committed 45952K, reserved 1114112K
  class space    used 4677K, committed 4864K, reserved 1048576K
}
Event: 3.561 GC heap after
{Heap after GC invocations=8 (full 0):
 garbage-first heap   total reserved 2025472K, committed 67584K, used 23840K [0x0000000084600000, 0x0000000100000000)
  region size 1024K, 5 young (5120K), 5 survivors (5120K)
 Metaspace       used 45513K, committed 45952K, reserved 1114112K
  class space    used 4677K, committed 4864K, reserved 1048576K
}
Event: 4.105 GC heap before
{Heap before GC invocations=8 (full 0):
 garbage-first heap   total reserved 2025472K, committed 67584K, used 53536K [0x0000000084600000, 0x0000000100000000)
  region size 1024K, 35 young (35840K), 5 survivors (5120K)
 Metaspace       used 54543K, committed 55040K, reserved 1114112K
  class space    used 5748K, committed 5952K, reserved 1048576K
}
Event: 4.109 GC heap after
{Heap after GC invocations=9 (full 0):
 garbage-first heap   total reserved 2025472K, committed 67584K, used 24965K [0x0000000084600000, 0x0000000100000000)
  region size 1024K, 4 young (4096K), 4 survivors (4096K)
 Metaspace       used 54543K, committed 55040K, reserved 1114112K
  class space    used 5748K, committed 5952K, reserved 1048576K
}
Event: 4.452 GC heap before
{Heap before GC invocations=9 (full 0):
 garbage-first heap   total reserved 2025472K, committed 67584K, used 48517K [0x0000000084600000, 0x0000000100000000)
  region size 1024K, 28 young (28672K), 4 survivors (4096K)
 Metaspace       used 59929K, committed 60416K, reserved 1114112K
  class space    used 6301K, committed 6528K, reserved 1048576K
}
Event: 4.457 GC heap after
{Heap after GC invocations=10 (full 0):
 garbage-first heap   total reserved 2025472K, committed 67584K, used 26297K [0x0000000084600000, 0x0000000100000000)
  region size 1024K, 3 young (3072K), 3 survivors (3072K)
 Metaspace       used 59929K, committed 60416K, reserved 1114112K
  class space    used 6301K, committed 6528K, reserved 1048576K
}

